Received URL: /test/
Received URL: /test/
Received URL: /test/
Received URL: /test/
Received URL: /test/
Received URL: /test/
Received URL: /test/
Received URL: /test/
Received URL: /test/
Received URL: /test/
Received URL: /test/
Received URL: /test/
Received URL: /test/
Received URL: /test/
Received URL: /test/
Received URL: /apple-touch-icon-precomposed.png
Received URL: /apple-touch-icon.png
Received URL: /favicon.ico
Received URL: /test/
Received URL: /favicon.ico
Received URL: /test/
Received URL: /test/
Received URL: /test/
Received URL: /test/
Received URL: /test/
Received URL: /test/
Received URL: /favicon.ico
Received URL: /test/
Received URL: /test/
Received URL: /test/
Received URL: /test/
Received URL: /favicon.ico
Received URL: /test/
Received URL: /test/
Received URL: /test/
Received URL: /test/
Received URL: /test/
Received URL: /test/
Received URL: /test/
Received URL: /favicon.ico
Received URL: /test/
Received URL: /test/
Received URL: /test/
Received URL: /favicon.ico
Received URL: /test/
Received URL: /test/
Received URL: /test/
Received URL: /test/
Received URL: /test/
Received URL: /test/
Received URL: /test/
Received URL: /favicon.ico
Received URL: /decision/45e73d1f-160b-4b78-834f-ed183588f6a8/edit/
Received URL: /decision/45e73d1f-160b-4b78-834f-ed183588f6a8/edit/
Received URL: /decision/45e73d1f-160b-4b78-834f-ed183588f6a8/edit/
Received URL: /decision/45e73d1f-160b-4b78-834f-ed183588f6a8/edit/
Received URL: /decision/45e73d1f-160b-4b78-834f-ed183588f6a8/edit/
Received URL: /decision/45e73d1f-160b-4b78-834f-ed183588f6a8/edit/
Received URL: /decision/45e73d1f-160b-4b78-834f-ed183588f6a8/edit/
Received URL: /test/
Received URL: /decision/4e3d173f-085a-4050-8c26-70989d3cda91/edit/
Received URL: /decision/4e3d173f-085a-4050-8c26-70989d3cda91/edit/
Received URL: /decision/4e3d173f-085a-4050-8c26-70989d3cda91/edit/
Received URL: /test/
Received URL: /test/
Received URL: /decision/a444ee9a-41af-45d4-a15f-608b8e5330a9/edit/
Received URL: /test/
Received URL: /test/
Received URL: /decision/4e3d173f-085a-4050-8c26-70989d3cda91/edit/
Received URL: /decision/4e3d173f-085a-4050-8c26-70989d3cda91/edit/
Received URL: /decision/4e3d173f-085a-4050-8c26-70989d3cda91/edit/
Received URL: /decision/4e3d173f-085a-4050-8c26-70989d3cda91/edit/
Received URL: /decision/4e3d173f-085a-4050-8c26-70989d3cda91/edit/
Received URL: /decision/4e3d173f-085a-4050-8c26-70989d3cda91/edit/
Received URL: /decision/4e3d173f-085a-4050-8c26-70989d3cda91/edit/
Received URL: /decision/4e3d173f-085a-4050-8c26-70989d3cda91/edit/
Received URL: /decision/4e3d173f-085a-4050-8c26-70989d3cda91/edit/
Received URL: /decision/4e3d173f-085a-4050-8c26-70989d3cda91/edit/
Received URL: /decision/4e3d173f-085a-4050-8c26-70989d3cda91/edit/
Received URL: /test/
Received URL: /test/
Received URL: /decision/4e3d173f-085a-4050-8c26-70989d3cda91/edit/
Received URL: /test/
Received URL: /test/
Received URL: /test/
Received URL: /decision/97b5c22d-8666-4f5d-a8ff-11463e52bd31/edit/
Received URL: /decision/97b5c22d-8666-4f5d-a8ff-11463e52bd31/edit/
Received URL: /decision/97b5c22d-8666-4f5d-a8ff-11463e52bd31/edit/
Received URL: /decision/97b5c22d-8666-4f5d-a8ff-11463e52bd31/edit/
Received URL: /decision/97b5c22d-8666-4f5d-a8ff-11463e52bd31/edit/
Received URL: /decision/97b5c22d-8666-4f5d-a8ff-11463e52bd31/edit/
Received URL: /decision/97b5c22d-8666-4f5d-a8ff-11463e52bd31/edit/
Received URL: /decision/97b5c22d-8666-4f5d-a8ff-11463e52bd31/edit/
Received URL: /decision/97b5c22d-8666-4f5d-a8ff-11463e52bd31/edit/
Received URL: /decision/97b5c22d-8666-4f5d-a8ff-11463e52bd31/edit/
Received URL: /decision/97b5c22d-8666-4f5d-a8ff-11463e52bd31/edit/
Received URL: /decision/97b5c22d-8666-4f5d-a8ff-11463e52bd31/edit/
Received URL: /decision/97b5c22d-8666-4f5d-a8ff-11463e52bd31/edit/
Received URL: /decision/97b5c22d-8666-4f5d-a8ff-11463e52bd31/edit/
Received URL: /decision/97b5c22d-8666-4f5d-a8ff-11463e52bd31/edit/
Received URL: /decision/97b5c22d-8666-4f5d-a8ff-11463e52bd31/edit/
Received URL: /decision/97b5c22d-8666-4f5d-a8ff-11463e52bd31/edit/
Received URL: /decision/97b5c22d-8666-4f5d-a8ff-11463e52bd31/edit/
Received URL: /decision/97b5c22d-8666-4f5d-a8ff-11463e52bd31/edit/
Received URL: /decision/97b5c22d-8666-4f5d-a8ff-11463e52bd31/edit/
Received URL: /decision/97b5c22d-8666-4f5d-a8ff-11463e52bd31/edit/
Received URL: /decision/97b5c22d-8666-4f5d-a8ff-11463e52bd31/edit/
Received URL: /decision/97b5c22d-8666-4f5d-a8ff-11463e52bd31/edit/
Received URL: /decision/97b5c22d-8666-4f5d-a8ff-11463e52bd31/edit/
Received URL: /decision/97b5c22d-8666-4f5d-a8ff-11463e52bd31/edit/
Received URL: /decision/97b5c22d-8666-4f5d-a8ff-11463e52bd31/edit/
Received URL: /decision/97b5c22d-8666-4f5d-a8ff-11463e52bd31/edit/
Received URL: /decision/97b5c22d-8666-4f5d-a8ff-11463e52bd31/edit/
Received URL: /decision/97b5c22d-8666-4f5d-a8ff-11463e52bd31/edit/
Received URL: /decision/97b5c22d-8666-4f5d-a8ff-11463e52bd31/edit/
Received URL: /decision/97b5c22d-8666-4f5d-a8ff-11463e52bd31/edit/
Received URL: /decision/97b5c22d-8666-4f5d-a8ff-11463e52bd31/edit/
Received URL: /decision/97b5c22d-8666-4f5d-a8ff-11463e52bd31/edit/
Received URL: /decision/97b5c22d-8666-4f5d-a8ff-11463e52bd31/edit/
Received URL: /decision/97b5c22d-8666-4f5d-a8ff-11463e52bd31/edit/
Received URL: /decision/97b5c22d-8666-4f5d-a8ff-11463e52bd31/edit/
Received URL: /decision/97b5c22d-8666-4f5d-a8ff-11463e52bd31/edit/
Received URL: /decision/97b5c22d-8666-4f5d-a8ff-11463e52bd31/edit/
Received URL: /decision/97b5c22d-8666-4f5d-a8ff-11463e52bd31/edit/
Received URL: /decision/97b5c22d-8666-4f5d-a8ff-11463e52bd31/edit/
Received URL: /decision/97b5c22d-8666-4f5d-a8ff-11463e52bd31/edit/
Received URL: /decision/97b5c22d-8666-4f5d-a8ff-11463e52bd31/edit/
Received URL: /decision/97b5c22d-8666-4f5d-a8ff-11463e52bd31/edit/
Received URL: /decision/97b5c22d-8666-4f5d-a8ff-11463e52bd31/edit/
Received URL: /decision/97b5c22d-8666-4f5d-a8ff-11463e52bd31/edit/
Received URL: /decision/97b5c22d-8666-4f5d-a8ff-11463e52bd31/edit/
Received URL: /decision/97b5c22d-8666-4f5d-a8ff-11463e52bd31/edit/
Received URL: /decision/97b5c22d-8666-4f5d-a8ff-11463e52bd31/edit/
Received URL: /decision/97b5c22d-8666-4f5d-a8ff-11463e52bd31/edit/
Received URL: /decision/97b5c22d-8666-4f5d-a8ff-11463e52bd31/edit/
Received URL: /decision/97b5c22d-8666-4f5d-a8ff-11463e52bd31/edit/
Received URL: /decision/97b5c22d-8666-4f5d-a8ff-11463e52bd31/edit/
Received URL: /decision/97b5c22d-8666-4f5d-a8ff-11463e52bd31/edit/
Received URL: /decision/97b5c22d-8666-4f5d-a8ff-11463e52bd31/edit/
Received URL: /decision/97b5c22d-8666-4f5d-a8ff-11463e52bd31/edit/
